[2023-12-15 01:23:37] laravel.EMERGENCY: Unable to create configured logger. Using emergency logger. {"exception":"[object] (InvalidArgumentException(code: 0): Log [] is not defined. at /Applications/XAMPP/xamppfiles/htdocs/laravel/cfb2/vendor/laravel/framework/src/Illuminate/Log/LogManager.php:168)
[stacktrace]
#0 /Applications/XAMPP/xamppfiles/htdocs/laravel/cfb2/vendor/laravel/framework/src/Illuminate/Log/LogManager.php(102): Illuminate\\Log\\LogManager->resolve(NULL)
#1 /Applications/XAMPP/xamppfiles/htdocs/laravel/cfb2/vendor/laravel/framework/src/Illuminate/Log/LogManager.php(90): Illuminate\\Log\\LogManager->get(NULL)
#2 /Applications/XAMPP/xamppfiles/htdocs/laravel/cfb2/vendor/laravel/framework/src/Illuminate/Log/LogManager.php(500): Illuminate\\Log\\LogManager->driver()
#3 /Applications/XAMPP/xamppfiles/htdocs/laravel/cfb2/vendor/laravel/framework/src/Illuminate/Foundation/Exceptions/Handler.php(116): Illuminate\\Log\\LogManager->error('Class 'Maatwebs...', Array)
#4 /Applications/XAMPP/xamppfiles/htdocs/laravel/cfb2/app/Exceptions/Handler.php(37): Illuminate\\Foundation\\Exceptions\\Handler->report(Object(Symfony\\Component\\Debug\\Exception\\FatalThrowableError))
#5 /Applications/XAMPP/xamppfiles/htdocs/laravel/cfb2/vendor/laravel/framework/src/Illuminate/Foundation/Console/Kernel.php(378): App\\Exceptions\\Handler->report(Object(Symfony\\Component\\Debug\\Exception\\FatalThrowableError))
#6 /Applications/XAMPP/xamppfiles/htdocs/laravel/cfb2/vendor/laravel/framework/src/Illuminate/Foundation/Console/Kernel.php(143): Illuminate\\Foundation\\Console\\Kernel->reportException(Object(Symfony\\Component\\Debug\\Exception\\FatalThrowableError))
#7 /Applications/XAMPP/xamppfiles/htdocs/laravel/cfb2/artisan(37): Illuminate\\Foundation\\Console\\Kernel->handle(Object(Symfony\\Component\\Console\\Input\\ArgvInput), Object(Symfony\\Component\\Console\\Output\\ConsoleOutput))
#8 {main}
"} 
[2023-12-15 01:23:37] laravel.ERROR: Class 'Maatwebsite\Excel\Excel' not found {"exception":"[object] (Symfony\\Component\\Debug\\Exception\\FatalThrowableError(code: 0): Class 'Maatwebsite\\Excel\\Excel' not found at /Applications/XAMPP/xamppfiles/htdocs/laravel/cfb2/config/excel.php:76)
[stacktrace]
#0 /Applications/XAMPP/xamppfiles/htdocs/laravel/cfb2/vendor/laravel/framework/src/Illuminate/Foundation/Bootstrap/LoadConfiguration.php(72): require()
#1 /Applications/XAMPP/xamppfiles/htdocs/laravel/cfb2/vendor/laravel/framework/src/Illuminate/Foundation/Bootstrap/LoadConfiguration.php(39): Illuminate\\Foundation\\Bootstrap\\LoadConfiguration->loadConfigurationFiles(Object(Illuminate\\Foundation\\Application), Object(Illuminate\\Config\\Repository))
#2 /Applications/XAMPP/xamppfiles/htdocs/laravel/cfb2/vendor/laravel/framework/src/Illuminate/Foundation/Application.php(210): Illuminate\\Foundation\\Bootstrap\\LoadConfiguration->bootstrap(Object(Illuminate\\Foundation\\Application))
#3 /Applications/XAMPP/xamppfiles/htdocs/laravel/cfb2/vendor/laravel/framework/src/Illuminate/Foundation/Console/Kernel.php(322): Illuminate\\Foundation\\Application->bootstrapWith(Array)
#4 /Applications/XAMPP/xamppfiles/htdocs/laravel/cfb2/vendor/laravel/framework/src/Illuminate/Foundation/Console/Kernel.php(131): Illuminate\\Foundation\\Console\\Kernel->bootstrap()
#5 /Applications/XAMPP/xamppfiles/htdocs/laravel/cfb2/artisan(37): Illuminate\\Foundation\\Console\\Kernel->handle(Object(Symfony\\Component\\Console\\Input\\ArgvInput), Object(Symfony\\Component\\Console\\Output\\ConsoleOutput))
#6 {main}
"} 
[2023-12-28 22:17:24] laravel.EMERGENCY: Unable to create configured logger. Using emergency logger. {"exception":"[object] (InvalidArgumentException(code: 0): Log [] is not defined. at /Applications/XAMPP/xamppfiles/htdocs/laravel/cfb2/vendor/laravel/framework/src/Illuminate/Log/LogManager.php:168)
[stacktrace]
#0 /Applications/XAMPP/xamppfiles/htdocs/laravel/cfb2/vendor/laravel/framework/src/Illuminate/Log/LogManager.php(102): Illuminate\\Log\\LogManager->resolve(NULL)
#1 /Applications/XAMPP/xamppfiles/htdocs/laravel/cfb2/vendor/laravel/framework/src/Illuminate/Log/LogManager.php(90): Illuminate\\Log\\LogManager->get(NULL)
#2 /Applications/XAMPP/xamppfiles/htdocs/laravel/cfb2/vendor/laravel/framework/src/Illuminate/Log/LogManager.php(500): Illuminate\\Log\\LogManager->driver()
#3 /Applications/XAMPP/xamppfiles/htdocs/laravel/cfb2/vendor/laravel/framework/src/Illuminate/Foundation/Exceptions/Handler.php(116): Illuminate\\Log\\LogManager->error('Class 'Maatwebs...', Array)
#4 /Applications/XAMPP/xamppfiles/htdocs/laravel/cfb2/app/Exceptions/Handler.php(37): Illuminate\\Foundation\\Exceptions\\Handler->report(Object(Symfony\\Component\\Debug\\Exception\\FatalThrowableError))
#5 /Applications/XAMPP/xamppfiles/htdocs/laravel/cfb2/vendor/laravel/framework/src/Illuminate/Foundation/Console/Kernel.php(378): App\\Exceptions\\Handler->report(Object(Symfony\\Component\\Debug\\Exception\\FatalThrowableError))
#6 /Applications/XAMPP/xamppfiles/htdocs/laravel/cfb2/vendor/laravel/framework/src/Illuminate/Foundation/Console/Kernel.php(143): Illuminate\\Foundation\\Console\\Kernel->reportException(Object(Symfony\\Component\\Debug\\Exception\\FatalThrowableError))
#7 /Applications/XAMPP/xamppfiles/htdocs/laravel/cfb2/artisan(37): Illuminate\\Foundation\\Console\\Kernel->handle(Object(Symfony\\Component\\Console\\Input\\ArgvInput), Object(Symfony\\Component\\Console\\Output\\ConsoleOutput))
#8 {main}
"} 
[2023-12-28 22:17:24] laravel.ERROR: Class 'Maatwebsite\Excel\Excel' not found {"exception":"[object] (Symfony\\Component\\Debug\\Exception\\FatalThrowableError(code: 0): Class 'Maatwebsite\\Excel\\Excel' not found at /Applications/XAMPP/xamppfiles/htdocs/laravel/cfb2/config/excel.php:76)
[stacktrace]
#0 /Applications/XAMPP/xamppfiles/htdocs/laravel/cfb2/vendor/laravel/framework/src/Illuminate/Foundation/Bootstrap/LoadConfiguration.php(72): require()
#1 /Applications/XAMPP/xamppfiles/htdocs/laravel/cfb2/vendor/laravel/framework/src/Illuminate/Foundation/Bootstrap/LoadConfiguration.php(39): Illuminate\\Foundation\\Bootstrap\\LoadConfiguration->loadConfigurationFiles(Object(Illuminate\\Foundation\\Application), Object(Illuminate\\Config\\Repository))
#2 /Applications/XAMPP/xamppfiles/htdocs/laravel/cfb2/vendor/laravel/framework/src/Illuminate/Foundation/Application.php(210): Illuminate\\Foundation\\Bootstrap\\LoadConfiguration->bootstrap(Object(Illuminate\\Foundation\\Application))
#3 /Applications/XAMPP/xamppfiles/htdocs/laravel/cfb2/vendor/laravel/framework/src/Illuminate/Foundation/Console/Kernel.php(322): Illuminate\\Foundation\\Application->bootstrapWith(Array)
#4 /Applications/XAMPP/xamppfiles/htdocs/laravel/cfb2/vendor/laravel/framework/src/Illuminate/Foundation/Console/Kernel.php(131): Illuminate\\Foundation\\Console\\Kernel->bootstrap()
#5 /Applications/XAMPP/xamppfiles/htdocs/laravel/cfb2/artisan(37): Illuminate\\Foundation\\Console\\Kernel->handle(Object(Symfony\\Component\\Console\\Input\\ArgvInput), Object(Symfony\\Component\\Console\\Output\\ConsoleOutput))
#6 {main}
"} 
[2023-12-28 22:17:39] laravel.EMERGENCY: Unable to create configured logger. Using emergency logger. {"exception":"[object] (InvalidArgumentException(code: 0): Log [] is not defined. at /Applications/XAMPP/xamppfiles/htdocs/laravel/cfb2/vendor/laravel/framework/src/Illuminate/Log/LogManager.php:168)
[stacktrace]
#0 /Applications/XAMPP/xamppfiles/htdocs/laravel/cfb2/vendor/laravel/framework/src/Illuminate/Log/LogManager.php(102): Illuminate\\Log\\LogManager->resolve(NULL)
#1 /Applications/XAMPP/xamppfiles/htdocs/laravel/cfb2/vendor/laravel/framework/src/Illuminate/Log/LogManager.php(90): Illuminate\\Log\\LogManager->get(NULL)
#2 /Applications/XAMPP/xamppfiles/htdocs/laravel/cfb2/vendor/laravel/framework/src/Illuminate/Log/LogManager.php(500): Illuminate\\Log\\LogManager->driver()
#3 /Applications/XAMPP/xamppfiles/htdocs/laravel/cfb2/vendor/laravel/framework/src/Illuminate/Foundation/Exceptions/Handler.php(116): Illuminate\\Log\\LogManager->error('Class 'Maatwebs...', Array)
#4 /Applications/XAMPP/xamppfiles/htdocs/laravel/cfb2/app/Exceptions/Handler.php(37): Illuminate\\Foundation\\Exceptions\\Handler->report(Object(Symfony\\Component\\Debug\\Exception\\FatalThrowableError))
#5 /Applications/XAMPP/xamppfiles/htdocs/laravel/cfb2/vendor/laravel/framework/src/Illuminate/Foundation/Console/Kernel.php(378): App\\Exceptions\\Handler->report(Object(Symfony\\Component\\Debug\\Exception\\FatalThrowableError))
#6 /Applications/XAMPP/xamppfiles/htdocs/laravel/cfb2/vendor/laravel/framework/src/Illuminate/Foundation/Console/Kernel.php(143): Illuminate\\Foundation\\Console\\Kernel->reportException(Object(Symfony\\Component\\Debug\\Exception\\FatalThrowableError))
#7 /Applications/XAMPP/xamppfiles/htdocs/laravel/cfb2/artisan(37): Illuminate\\Foundation\\Console\\Kernel->handle(Object(Symfony\\Component\\Console\\Input\\ArgvInput), Object(Symfony\\Component\\Console\\Output\\ConsoleOutput))
#8 {main}
"} 
[2023-12-28 22:17:39] laravel.ERROR: Class 'Maatwebsite\Excel\Excel' not found {"exception":"[object] (Symfony\\Component\\Debug\\Exception\\FatalThrowableError(code: 0): Class 'Maatwebsite\\Excel\\Excel' not found at /Applications/XAMPP/xamppfiles/htdocs/laravel/cfb2/config/excel.php:76)
[stacktrace]
#0 /Applications/XAMPP/xamppfiles/htdocs/laravel/cfb2/vendor/laravel/framework/src/Illuminate/Foundation/Bootstrap/LoadConfiguration.php(72): require()
#1 /Applications/XAMPP/xamppfiles/htdocs/laravel/cfb2/vendor/laravel/framework/src/Illuminate/Foundation/Bootstrap/LoadConfiguration.php(39): Illuminate\\Foundation\\Bootstrap\\LoadConfiguration->loadConfigurationFiles(Object(Illuminate\\Foundation\\Application), Object(Illuminate\\Config\\Repository))
#2 /Applications/XAMPP/xamppfiles/htdocs/laravel/cfb2/vendor/laravel/framework/src/Illuminate/Foundation/Application.php(210): Illuminate\\Foundation\\Bootstrap\\LoadConfiguration->bootstrap(Object(Illuminate\\Foundation\\Application))
#3 /Applications/XAMPP/xamppfiles/htdocs/laravel/cfb2/vendor/laravel/framework/src/Illuminate/Foundation/Console/Kernel.php(322): Illuminate\\Foundation\\Application->bootstrapWith(Array)
#4 /Applications/XAMPP/xamppfiles/htdocs/laravel/cfb2/vendor/laravel/framework/src/Illuminate/Foundation/Console/Kernel.php(131): Illuminate\\Foundation\\Console\\Kernel->bootstrap()
#5 /Applications/XAMPP/xamppfiles/htdocs/laravel/cfb2/artisan(37): Illuminate\\Foundation\\Console\\Kernel->handle(Object(Symfony\\Component\\Console\\Input\\ArgvInput), Object(Symfony\\Component\\Console\\Output\\ConsoleOutput))
#6 {main}
"} 
[2023-12-28 22:17:48] laravel.EMERGENCY: Unable to create configured logger. Using emergency logger. {"exception":"[object] (InvalidArgumentException(code: 0): Log [] is not defined. at /Applications/XAMPP/xamppfiles/htdocs/laravel/cfb2/vendor/laravel/framework/src/Illuminate/Log/LogManager.php:168)
[stacktrace]
#0 /Applications/XAMPP/xamppfiles/htdocs/laravel/cfb2/vendor/laravel/framework/src/Illuminate/Log/LogManager.php(102): Illuminate\\Log\\LogManager->resolve(NULL)
#1 /Applications/XAMPP/xamppfiles/htdocs/laravel/cfb2/vendor/laravel/framework/src/Illuminate/Log/LogManager.php(90): Illuminate\\Log\\LogManager->get(NULL)
#2 /Applications/XAMPP/xamppfiles/htdocs/laravel/cfb2/vendor/laravel/framework/src/Illuminate/Log/LogManager.php(500): Illuminate\\Log\\LogManager->driver()
#3 /Applications/XAMPP/xamppfiles/htdocs/laravel/cfb2/vendor/laravel/framework/src/Illuminate/Foundation/Exceptions/Handler.php(116): Illuminate\\Log\\LogManager->error('Class 'Maatwebs...', Array)
#4 /Applications/XAMPP/xamppfiles/htdocs/laravel/cfb2/app/Exceptions/Handler.php(37): Illuminate\\Foundation\\Exceptions\\Handler->report(Object(Symfony\\Component\\Debug\\Exception\\FatalThrowableError))
#5 /Applications/XAMPP/xamppfiles/htdocs/laravel/cfb2/vendor/laravel/framework/src/Illuminate/Foundation/Console/Kernel.php(378): App\\Exceptions\\Handler->report(Object(Symfony\\Component\\Debug\\Exception\\FatalThrowableError))
#6 /Applications/XAMPP/xamppfiles/htdocs/laravel/cfb2/vendor/laravel/framework/src/Illuminate/Foundation/Console/Kernel.php(143): Illuminate\\Foundation\\Console\\Kernel->reportException(Object(Symfony\\Component\\Debug\\Exception\\FatalThrowableError))
#7 /Applications/XAMPP/xamppfiles/htdocs/laravel/cfb2/artisan(37): Illuminate\\Foundation\\Console\\Kernel->handle(Object(Symfony\\Component\\Console\\Input\\ArgvInput), Object(Symfony\\Component\\Console\\Output\\ConsoleOutput))
#8 {main}
"} 
[2023-12-28 22:17:48] laravel.ERROR: Class 'Maatwebsite\Excel\Excel' not found {"exception":"[object] (Symfony\\Component\\Debug\\Exception\\FatalThrowableError(code: 0): Class 'Maatwebsite\\Excel\\Excel' not found at /Applications/XAMPP/xamppfiles/htdocs/laravel/cfb2/config/excel.php:76)
[stacktrace]
#0 /Applications/XAMPP/xamppfiles/htdocs/laravel/cfb2/vendor/laravel/framework/src/Illuminate/Foundation/Bootstrap/LoadConfiguration.php(72): require()
#1 /Applications/XAMPP/xamppfiles/htdocs/laravel/cfb2/vendor/laravel/framework/src/Illuminate/Foundation/Bootstrap/LoadConfiguration.php(39): Illuminate\\Foundation\\Bootstrap\\LoadConfiguration->loadConfigurationFiles(Object(Illuminate\\Foundation\\Application), Object(Illuminate\\Config\\Repository))
#2 /Applications/XAMPP/xamppfiles/htdocs/laravel/cfb2/vendor/laravel/framework/src/Illuminate/Foundation/Application.php(210): Illuminate\\Foundation\\Bootstrap\\LoadConfiguration->bootstrap(Object(Illuminate\\Foundation\\Application))
#3 /Applications/XAMPP/xamppfiles/htdocs/laravel/cfb2/vendor/laravel/framework/src/Illuminate/Foundation/Console/Kernel.php(322): Illuminate\\Foundation\\Application->bootstrapWith(Array)
#4 /Applications/XAMPP/xamppfiles/htdocs/laravel/cfb2/vendor/laravel/framework/src/Illuminate/Foundation/Console/Kernel.php(131): Illuminate\\Foundation\\Console\\Kernel->bootstrap()
#5 /Applications/XAMPP/xamppfiles/htdocs/laravel/cfb2/artisan(37): Illuminate\\Foundation\\Console\\Kernel->handle(Object(Symfony\\Component\\Console\\Input\\ArgvInput), Object(Symfony\\Component\\Console\\Output\\ConsoleOutput))
#6 {main}
"} 
[2023-12-28 22:17:58] laravel.EMERGENCY: Unable to create configured logger. Using emergency logger. {"exception":"[object] (InvalidArgumentException(code: 0): Log [] is not defined. at /Applications/XAMPP/xamppfiles/htdocs/laravel/cfb2/vendor/laravel/framework/src/Illuminate/Log/LogManager.php:168)
[stacktrace]
#0 /Applications/XAMPP/xamppfiles/htdocs/laravel/cfb2/vendor/laravel/framework/src/Illuminate/Log/LogManager.php(102): Illuminate\\Log\\LogManager->resolve(NULL)
#1 /Applications/XAMPP/xamppfiles/htdocs/laravel/cfb2/vendor/laravel/framework/src/Illuminate/Log/LogManager.php(90): Illuminate\\Log\\LogManager->get(NULL)
#2 /Applications/XAMPP/xamppfiles/htdocs/laravel/cfb2/vendor/laravel/framework/src/Illuminate/Log/LogManager.php(500): Illuminate\\Log\\LogManager->driver()
#3 /Applications/XAMPP/xamppfiles/htdocs/laravel/cfb2/vendor/laravel/framework/src/Illuminate/Foundation/Exceptions/Handler.php(116): Illuminate\\Log\\LogManager->error('Class 'Maatwebs...', Array)
#4 /Applications/XAMPP/xamppfiles/htdocs/laravel/cfb2/app/Exceptions/Handler.php(37): Illuminate\\Foundation\\Exceptions\\Handler->report(Object(Symfony\\Component\\Debug\\Exception\\FatalThrowableError))
#5 /Applications/XAMPP/xamppfiles/htdocs/laravel/cfb2/vendor/laravel/framework/src/Illuminate/Foundation/Console/Kernel.php(378): App\\Exceptions\\Handler->report(Object(Symfony\\Component\\Debug\\Exception\\FatalThrowableError))
#6 /Applications/XAMPP/xamppfiles/htdocs/laravel/cfb2/vendor/laravel/framework/src/Illuminate/Foundation/Console/Kernel.php(143): Illuminate\\Foundation\\Console\\Kernel->reportException(Object(Symfony\\Component\\Debug\\Exception\\FatalThrowableError))
#7 /Applications/XAMPP/xamppfiles/htdocs/laravel/cfb2/artisan(37): Illuminate\\Foundation\\Console\\Kernel->handle(Object(Symfony\\Component\\Console\\Input\\ArgvInput), Object(Symfony\\Component\\Console\\Output\\ConsoleOutput))
#8 {main}
"} 
[2023-12-28 22:17:58] laravel.ERROR: Class 'Maatwebsite\Excel\Excel' not found {"exception":"[object] (Symfony\\Component\\Debug\\Exception\\FatalThrowableError(code: 0): Class 'Maatwebsite\\Excel\\Excel' not found at /Applications/XAMPP/xamppfiles/htdocs/laravel/cfb2/config/excel.php:76)
[stacktrace]
#0 /Applications/XAMPP/xamppfiles/htdocs/laravel/cfb2/vendor/laravel/framework/src/Illuminate/Foundation/Bootstrap/LoadConfiguration.php(72): require()
#1 /Applications/XAMPP/xamppfiles/htdocs/laravel/cfb2/vendor/laravel/framework/src/Illuminate/Foundation/Bootstrap/LoadConfiguration.php(39): Illuminate\\Foundation\\Bootstrap\\LoadConfiguration->loadConfigurationFiles(Object(Illuminate\\Foundation\\Application), Object(Illuminate\\Config\\Repository))
#2 /Applications/XAMPP/xamppfiles/htdocs/laravel/cfb2/vendor/laravel/framework/src/Illuminate/Foundation/Application.php(210): Illuminate\\Foundation\\Bootstrap\\LoadConfiguration->bootstrap(Object(Illuminate\\Foundation\\Application))
#3 /Applications/XAMPP/xamppfiles/htdocs/laravel/cfb2/vendor/laravel/framework/src/Illuminate/Foundation/Console/Kernel.php(322): Illuminate\\Foundation\\Application->bootstrapWith(Array)
#4 /Applications/XAMPP/xamppfiles/htdocs/laravel/cfb2/vendor/laravel/framework/src/Illuminate/Foundation/Console/Kernel.php(131): Illuminate\\Foundation\\Console\\Kernel->bootstrap()
#5 /Applications/XAMPP/xamppfiles/htdocs/laravel/cfb2/artisan(37): Illuminate\\Foundation\\Console\\Kernel->handle(Object(Symfony\\Component\\Console\\Input\\ArgvInput), Object(Symfony\\Component\\Console\\Output\\ConsoleOutput))
#6 {main}
"} 
[2023-12-28 22:18:25] laravel.EMERGENCY: Unable to create configured logger. Using emergency logger. {"exception":"[object] (InvalidArgumentException(code: 0): Log [] is not defined. at /Applications/XAMPP/xamppfiles/htdocs/laravel/cfb2/vendor/laravel/framework/src/Illuminate/Log/LogManager.php:168)
[stacktrace]
#0 /Applications/XAMPP/xamppfiles/htdocs/laravel/cfb2/vendor/laravel/framework/src/Illuminate/Log/LogManager.php(102): Illuminate\\Log\\LogManager->resolve(NULL)
#1 /Applications/XAMPP/xamppfiles/htdocs/laravel/cfb2/vendor/laravel/framework/src/Illuminate/Log/LogManager.php(90): Illuminate\\Log\\LogManager->get(NULL)
#2 /Applications/XAMPP/xamppfiles/htdocs/laravel/cfb2/vendor/laravel/framework/src/Illuminate/Log/LogManager.php(500): Illuminate\\Log\\LogManager->driver()
#3 /Applications/XAMPP/xamppfiles/htdocs/laravel/cfb2/vendor/laravel/framework/src/Illuminate/Foundation/Exceptions/Handler.php(116): Illuminate\\Log\\LogManager->error('Class 'Maatwebs...', Array)
#4 /Applications/XAMPP/xamppfiles/htdocs/laravel/cfb2/app/Exceptions/Handler.php(37): Illuminate\\Foundation\\Exceptions\\Handler->report(Object(Symfony\\Component\\Debug\\Exception\\FatalThrowableError))
#5 /Applications/XAMPP/xamppfiles/htdocs/laravel/cfb2/vendor/laravel/framework/src/Illuminate/Foundation/Console/Kernel.php(378): App\\Exceptions\\Handler->report(Object(Symfony\\Component\\Debug\\Exception\\FatalThrowableError))
#6 /Applications/XAMPP/xamppfiles/htdocs/laravel/cfb2/vendor/laravel/framework/src/Illuminate/Foundation/Console/Kernel.php(143): Illuminate\\Foundation\\Console\\Kernel->reportException(Object(Symfony\\Component\\Debug\\Exception\\FatalThrowableError))
#7 /Applications/XAMPP/xamppfiles/htdocs/laravel/cfb2/artisan(37): Illuminate\\Foundation\\Console\\Kernel->handle(Object(Symfony\\Component\\Console\\Input\\ArgvInput), Object(Symfony\\Component\\Console\\Output\\ConsoleOutput))
#8 {main}
"} 
[2023-12-28 22:18:25] laravel.ERROR: Class 'Maatwebsite\Excel\Excel' not found {"exception":"[object] (Symfony\\Component\\Debug\\Exception\\FatalThrowableError(code: 0): Class 'Maatwebsite\\Excel\\Excel' not found at /Applications/XAMPP/xamppfiles/htdocs/laravel/cfb2/config/excel.php:76)
[stacktrace]
#0 /Applications/XAMPP/xamppfiles/htdocs/laravel/cfb2/vendor/laravel/framework/src/Illuminate/Foundation/Bootstrap/LoadConfiguration.php(72): require()
#1 /Applications/XAMPP/xamppfiles/htdocs/laravel/cfb2/vendor/laravel/framework/src/Illuminate/Foundation/Bootstrap/LoadConfiguration.php(39): Illuminate\\Foundation\\Bootstrap\\LoadConfiguration->loadConfigurationFiles(Object(Illuminate\\Foundation\\Application), Object(Illuminate\\Config\\Repository))
#2 /Applications/XAMPP/xamppfiles/htdocs/laravel/cfb2/vendor/laravel/framework/src/Illuminate/Foundation/Application.php(210): Illuminate\\Foundation\\Bootstrap\\LoadConfiguration->bootstrap(Object(Illuminate\\Foundation\\Application))
#3 /Applications/XAMPP/xamppfiles/htdocs/laravel/cfb2/vendor/laravel/framework/src/Illuminate/Foundation/Console/Kernel.php(322): Illuminate\\Foundation\\Application->bootstrapWith(Array)
#4 /Applications/XAMPP/xamppfiles/htdocs/laravel/cfb2/vendor/laravel/framework/src/Illuminate/Foundation/Console/Kernel.php(131): Illuminate\\Foundation\\Console\\Kernel->bootstrap()
#5 /Applications/XAMPP/xamppfiles/htdocs/laravel/cfb2/artisan(37): Illuminate\\Foundation\\Console\\Kernel->handle(Object(Symfony\\Component\\Console\\Input\\ArgvInput), Object(Symfony\\Component\\Console\\Output\\ConsoleOutput))
#6 {main}
"} 
[2023-12-28 22:20:26] laravel.EMERGENCY: Unable to create configured logger. Using emergency logger. {"exception":"[object] (InvalidArgumentException(code: 0): Log [] is not defined. at /Applications/XAMPP/xamppfiles/htdocs/laravel/cfb2/vendor/laravel/framework/src/Illuminate/Log/LogManager.php:168)
[stacktrace]
#0 /Applications/XAMPP/xamppfiles/htdocs/laravel/cfb2/vendor/laravel/framework/src/Illuminate/Log/LogManager.php(102): Illuminate\\Log\\LogManager->resolve(NULL)
#1 /Applications/XAMPP/xamppfiles/htdocs/laravel/cfb2/vendor/laravel/framework/src/Illuminate/Log/LogManager.php(90): Illuminate\\Log\\LogManager->get(NULL)
#2 /Applications/XAMPP/xamppfiles/htdocs/laravel/cfb2/vendor/laravel/framework/src/Illuminate/Log/LogManager.php(500): Illuminate\\Log\\LogManager->driver()
#3 /Applications/XAMPP/xamppfiles/htdocs/laravel/cfb2/vendor/laravel/framework/src/Illuminate/Foundation/Exceptions/Handler.php(116): Illuminate\\Log\\LogManager->error('Class 'Maatwebs...', Array)
#4 /Applications/XAMPP/xamppfiles/htdocs/laravel/cfb2/app/Exceptions/Handler.php(37): Illuminate\\Foundation\\Exceptions\\Handler->report(Object(Symfony\\Component\\Debug\\Exception\\FatalThrowableError))
#5 /Applications/XAMPP/xamppfiles/htdocs/laravel/cfb2/vendor/laravel/framework/src/Illuminate/Foundation/Console/Kernel.php(378): App\\Exceptions\\Handler->report(Object(Symfony\\Component\\Debug\\Exception\\FatalThrowableError))
#6 /Applications/XAMPP/xamppfiles/htdocs/laravel/cfb2/vendor/laravel/framework/src/Illuminate/Foundation/Console/Kernel.php(143): Illuminate\\Foundation\\Console\\Kernel->reportException(Object(Symfony\\Component\\Debug\\Exception\\FatalThrowableError))
#7 /Applications/XAMPP/xamppfiles/htdocs/laravel/cfb2/artisan(37): Illuminate\\Foundation\\Console\\Kernel->handle(Object(Symfony\\Component\\Console\\Input\\ArgvInput), Object(Symfony\\Component\\Console\\Output\\ConsoleOutput))
#8 {main}
"} 
[2023-12-28 22:20:26] laravel.ERROR: Class 'Maatwebsite\Excel\Excel' not found {"exception":"[object] (Symfony\\Component\\Debug\\Exception\\FatalThrowableError(code: 0): Class 'Maatwebsite\\Excel\\Excel' not found at /Applications/XAMPP/xamppfiles/htdocs/laravel/cfb2/config/excel.php:76)
[stacktrace]
#0 /Applications/XAMPP/xamppfiles/htdocs/laravel/cfb2/vendor/laravel/framework/src/Illuminate/Foundation/Bootstrap/LoadConfiguration.php(72): require()
#1 /Applications/XAMPP/xamppfiles/htdocs/laravel/cfb2/vendor/laravel/framework/src/Illuminate/Foundation/Bootstrap/LoadConfiguration.php(39): Illuminate\\Foundation\\Bootstrap\\LoadConfiguration->loadConfigurationFiles(Object(Illuminate\\Foundation\\Application), Object(Illuminate\\Config\\Repository))
#2 /Applications/XAMPP/xamppfiles/htdocs/laravel/cfb2/vendor/laravel/framework/src/Illuminate/Foundation/Application.php(210): Illuminate\\Foundation\\Bootstrap\\LoadConfiguration->bootstrap(Object(Illuminate\\Foundation\\Application))
#3 /Applications/XAMPP/xamppfiles/htdocs/laravel/cfb2/vendor/laravel/framework/src/Illuminate/Foundation/Console/Kernel.php(322): Illuminate\\Foundation\\Application->bootstrapWith(Array)
#4 /Applications/XAMPP/xamppfiles/htdocs/laravel/cfb2/vendor/laravel/framework/src/Illuminate/Foundation/Console/Kernel.php(131): Illuminate\\Foundation\\Console\\Kernel->bootstrap()
#5 /Applications/XAMPP/xamppfiles/htdocs/laravel/cfb2/artisan(37): Illuminate\\Foundation\\Console\\Kernel->handle(Object(Symfony\\Component\\Console\\Input\\ArgvInput), Object(Symfony\\Component\\Console\\Output\\ConsoleOutput))
#6 {main}
"} 
[2023-12-28 22:20:41] laravel.EMERGENCY: Unable to create configured logger. Using emergency logger. {"exception":"[object] (InvalidArgumentException(code: 0): Log [] is not defined. at /Applications/XAMPP/xamppfiles/htdocs/laravel/cfb2/vendor/laravel/framework/src/Illuminate/Log/LogManager.php:168)
[stacktrace]
#0 /Applications/XAMPP/xamppfiles/htdocs/laravel/cfb2/vendor/laravel/framework/src/Illuminate/Log/LogManager.php(102): Illuminate\\Log\\LogManager->resolve(NULL)
#1 /Applications/XAMPP/xamppfiles/htdocs/laravel/cfb2/vendor/laravel/framework/src/Illuminate/Log/LogManager.php(90): Illuminate\\Log\\LogManager->get(NULL)
#2 /Applications/XAMPP/xamppfiles/htdocs/laravel/cfb2/vendor/laravel/framework/src/Illuminate/Log/LogManager.php(500): Illuminate\\Log\\LogManager->driver()
#3 /Applications/XAMPP/xamppfiles/htdocs/laravel/cfb2/vendor/laravel/framework/src/Illuminate/Foundation/Exceptions/Handler.php(116): Illuminate\\Log\\LogManager->error('Class 'Maatwebs...', Array)
#4 /Applications/XAMPP/xamppfiles/htdocs/laravel/cfb2/app/Exceptions/Handler.php(37): Illuminate\\Foundation\\Exceptions\\Handler->report(Object(Symfony\\Component\\Debug\\Exception\\FatalThrowableError))
#5 /Applications/XAMPP/xamppfiles/htdocs/laravel/cfb2/vendor/laravel/framework/src/Illuminate/Foundation/Console/Kernel.php(378): App\\Exceptions\\Handler->report(Object(Symfony\\Component\\Debug\\Exception\\FatalThrowableError))
#6 /Applications/XAMPP/xamppfiles/htdocs/laravel/cfb2/vendor/laravel/framework/src/Illuminate/Foundation/Console/Kernel.php(143): Illuminate\\Foundation\\Console\\Kernel->reportException(Object(Symfony\\Component\\Debug\\Exception\\FatalThrowableError))
#7 /Applications/XAMPP/xamppfiles/htdocs/laravel/cfb2/artisan(37): Illuminate\\Foundation\\Console\\Kernel->handle(Object(Symfony\\Component\\Console\\Input\\ArgvInput), Object(Symfony\\Component\\Console\\Output\\ConsoleOutput))
#8 {main}
"} 
[2023-12-28 22:20:41] laravel.ERROR: Class 'Maatwebsite\Excel\Excel' not found {"exception":"[object] (Symfony\\Component\\Debug\\Exception\\FatalThrowableError(code: 0): Class 'Maatwebsite\\Excel\\Excel' not found at /Applications/XAMPP/xamppfiles/htdocs/laravel/cfb2/config/excel.php:76)
[stacktrace]
#0 /Applications/XAMPP/xamppfiles/htdocs/laravel/cfb2/vendor/laravel/framework/src/Illuminate/Foundation/Bootstrap/LoadConfiguration.php(72): require()
#1 /Applications/XAMPP/xamppfiles/htdocs/laravel/cfb2/vendor/laravel/framework/src/Illuminate/Foundation/Bootstrap/LoadConfiguration.php(39): Illuminate\\Foundation\\Bootstrap\\LoadConfiguration->loadConfigurationFiles(Object(Illuminate\\Foundation\\Application), Object(Illuminate\\Config\\Repository))
#2 /Applications/XAMPP/xamppfiles/htdocs/laravel/cfb2/vendor/laravel/framework/src/Illuminate/Foundation/Application.php(210): Illuminate\\Foundation\\Bootstrap\\LoadConfiguration->bootstrap(Object(Illuminate\\Foundation\\Application))
#3 /Applications/XAMPP/xamppfiles/htdocs/laravel/cfb2/vendor/laravel/framework/src/Illuminate/Foundation/Console/Kernel.php(322): Illuminate\\Foundation\\Application->bootstrapWith(Array)
#4 /Applications/XAMPP/xamppfiles/htdocs/laravel/cfb2/vendor/laravel/framework/src/Illuminate/Foundation/Console/Kernel.php(131): Illuminate\\Foundation\\Console\\Kernel->bootstrap()
#5 /Applications/XAMPP/xamppfiles/htdocs/laravel/cfb2/artisan(37): Illuminate\\Foundation\\Console\\Kernel->handle(Object(Symfony\\Component\\Console\\Input\\ArgvInput), Object(Symfony\\Component\\Console\\Output\\ConsoleOutput))
#6 {main}
"} 
[2024-02-02 17:24:28] laravel.EMERGENCY: Unable to create configured logger. Using emergency logger. {"exception":"[object] (InvalidArgumentException(code: 0): Log [] is not defined. at /Applications/XAMPP/xamppfiles/htdocs/laravel/cfb2/vendor/laravel/framework/src/Illuminate/Log/LogManager.php:168)
[stacktrace]
#0 /Applications/XAMPP/xamppfiles/htdocs/laravel/cfb2/vendor/laravel/framework/src/Illuminate/Log/LogManager.php(102): Illuminate\\Log\\LogManager->resolve(NULL)
#1 /Applications/XAMPP/xamppfiles/htdocs/laravel/cfb2/vendor/laravel/framework/src/Illuminate/Log/LogManager.php(90): Illuminate\\Log\\LogManager->get(NULL)
#2 /Applications/XAMPP/xamppfiles/htdocs/laravel/cfb2/vendor/laravel/framework/src/Illuminate/Log/LogManager.php(500): Illuminate\\Log\\LogManager->driver()
#3 /Applications/XAMPP/xamppfiles/htdocs/laravel/cfb2/vendor/laravel/framework/src/Illuminate/Foundation/Exceptions/Handler.php(116): Illuminate\\Log\\LogManager->error('Class 'Maatwebs...', Array)
#4 /Applications/XAMPP/xamppfiles/htdocs/laravel/cfb2/app/Exceptions/Handler.php(37): Illuminate\\Foundation\\Exceptions\\Handler->report(Object(Symfony\\Component\\Debug\\Exception\\FatalThrowableError))
#5 /Applications/XAMPP/xamppfiles/htdocs/laravel/cfb2/vendor/laravel/framework/src/Illuminate/Foundation/Console/Kernel.php(378): App\\Exceptions\\Handler->report(Object(Symfony\\Component\\Debug\\Exception\\FatalThrowableError))
#6 /Applications/XAMPP/xamppfiles/htdocs/laravel/cfb2/vendor/laravel/framework/src/Illuminate/Foundation/Console/Kernel.php(143): Illuminate\\Foundation\\Console\\Kernel->reportException(Object(Symfony\\Component\\Debug\\Exception\\FatalThrowableError))
#7 /Applications/XAMPP/xamppfiles/htdocs/laravel/cfb2/artisan(37): Illuminate\\Foundation\\Console\\Kernel->handle(Object(Symfony\\Component\\Console\\Input\\ArgvInput), Object(Symfony\\Component\\Console\\Output\\ConsoleOutput))
#8 {main}
"} 
[2024-02-02 17:24:28] laravel.ERROR: Class 'Maatwebsite\Excel\Excel' not found {"exception":"[object] (Symfony\\Component\\Debug\\Exception\\FatalThrowableError(code: 0): Class 'Maatwebsite\\Excel\\Excel' not found at /Applications/XAMPP/xamppfiles/htdocs/laravel/cfb2/config/excel.php:76)
[stacktrace]
#0 /Applications/XAMPP/xamppfiles/htdocs/laravel/cfb2/vendor/laravel/framework/src/Illuminate/Foundation/Bootstrap/LoadConfiguration.php(72): require()
#1 /Applications/XAMPP/xamppfiles/htdocs/laravel/cfb2/vendor/laravel/framework/src/Illuminate/Foundation/Bootstrap/LoadConfiguration.php(39): Illuminate\\Foundation\\Bootstrap\\LoadConfiguration->loadConfigurationFiles(Object(Illuminate\\Foundation\\Application), Object(Illuminate\\Config\\Repository))
#2 /Applications/XAMPP/xamppfiles/htdocs/laravel/cfb2/vendor/laravel/framework/src/Illuminate/Foundation/Application.php(210): Illuminate\\Foundation\\Bootstrap\\LoadConfiguration->bootstrap(Object(Illuminate\\Foundation\\Application))
#3 /Applications/XAMPP/xamppfiles/htdocs/laravel/cfb2/vendor/laravel/framework/src/Illuminate/Foundation/Console/Kernel.php(322): Illuminate\\Foundation\\Application->bootstrapWith(Array)
#4 /Applications/XAMPP/xamppfiles/htdocs/laravel/cfb2/vendor/laravel/framework/src/Illuminate/Foundation/Console/Kernel.php(131): Illuminate\\Foundation\\Console\\Kernel->bootstrap()
#5 /Applications/XAMPP/xamppfiles/htdocs/laravel/cfb2/artisan(37): Illuminate\\Foundation\\Console\\Kernel->handle(Object(Symfony\\Component\\Console\\Input\\ArgvInput), Object(Symfony\\Component\\Console\\Output\\ConsoleOutput))
#6 {main}
"} 
