[2021-11-18 20:28:59] local.ERROR: Undefined variable: POST /akumas/conceptos/registrar HTTP/1.1
Accept:             application/json, text/plain, */*
Accept-Encoding:    gzip, deflate, br
Accept-Language:    es-ES,es;q=0.9,en;q=0.8,gl;q=0.7
Connection:         keep-alive
Content-Length:     179
Content-Type:       application/json;charset=UTF-8
Cookie:             _ga=GA1.2.1210298243.1606461534; PHPSESSID=e69450c54d31bd756b776696baaafefd; timezone=America/Mexico_City; cpsession=corposerve%3aY3OSYfmXO0AIwoWe%2c6b76034d626823219256e190c4604a33; XSRF-TOKEN=eyJpdiI6IlpiWEk3TXNwWjREXC9SMmxkXC9rU1dNQT09IiwidmFsdWUiOiIwWU9DeFpHWlpJQlZRWXh3WXl0NEhXazhrcHpDSWR0MktKcmVJZENZbk0raWhoZDl0QlBzRWxIU0c4ZkVDQzRsIiwibWFjIjoiMzlmNWY3OGMzOTg2ZjU1ZjE2YTNjNWQwNzMzNDYxYWQyOTkxYmUxMzIwODZhODM5Zjc1Njg4ZmExNTg1ZmI1YiJ9; laravel_session=eyJpdiI6IjNSY2ZodFhOSWRVN1UwSThFaW5DTFE9PSIsInZhbHVlIjoiQ0NsVW5LNUtGNXJaUTN4RjhaYmtMWlpCejNNWmlTUGlqZnpEOW53UEg2N3NSemVRNUl0TnNZK0RRMVQ1QjhzTSIsIm1hYyI6IjE4OGQyZThhOWJhYTlhNmE4NjRhMDUyYzgwMTEwNTcyODg3MDg2MTc3YzFkOGQzYTAzNTIzNzdkYzE1MDYwZGMifQ%3D%3D
Host:               corpomedia.mx
Origin:             https://corpomedia.mx
Referer:            https://corpomedia.mx/akumas/homevue
Sec-Ch-Ua:          "Google Chrome";v="95", "Chromium";v="95", ";Not A Brand";v="99"
Sec-Ch-Ua-Mobile:   ?0
Sec-Ch-Ua-Platform: "macOS"
Sec-Fetch-Dest:     empty
Sec-Fetch-Mode:     cors
Sec-Fetch-Site:     same-origin
User-Agent:         Mozilla/5.0 (Macintosh; Intel Mac OS X 10_15_7) AppleWebKit/537.36 (KHTML, like Gecko) Chrome/95.0.4638.69 Safari/537.36
X-Csrf-Token:       booZ7WpFs2yu9mEcR2FfCTlFfiUkSE7QyIPQ9lty
X-Https:            1
X-Requested-With:   XMLHttpRequest
X-Xsrf-Token:       eyJpdiI6IlpiWEk3TXNwWjREXC9SMmxkXC9rU1dNQT09IiwidmFsdWUiOiIwWU9DeFpHWlpJQlZRWXh3WXl0NEhXazhrcHpDSWR0MktKcmVJZENZbk0raWhoZDl0QlBzRWxIU0c4ZkVDQzRsIiwibWFjIjoiMzlmNWY3OGMzOTg2ZjU1ZjE2YTNjNWQwNzMzNDYxYWQyOTkxYmUxMzIwODZhODM5Zjc1Njg4ZmExNTg1ZmI1YiJ9
Cookie: _ga=; PHPSESSID=; timezone=; cpsession=; XSRF-TOKEN=booZ7WpFs2yu9mEcR2FfCTlFfiUkSE7QyIPQ9lty; laravel_session=A3J63UZZa4LNu2F6eV0bTby8urcGoMhdFZ4Y2731

{"pCFECategorias_id":1,"pCFETipos_id":1,"descripcion":"ACEITE MULTIGRADO RALOY 20W-50 946 ML","p_refaccion":"10","tiempo":"1.5","p_mo":"20","p_total":"30","codigo_sat":"25174700"} {"userId":1,"exception":"[object] (ErrorException(code: 0): Undefined variable: POST /akumas/conceptos/registrar HTTP/1.1
Accept:             application/json, text/plain, */*
Accept-Encoding:    gzip, deflate, br
Accept-Language:    es-ES,es;q=0.9,en;q=0.8,gl;q=0.7
Connection:         keep-alive
Content-Length:     179
Content-Type:       application/json;charset=UTF-8
Cookie:             _ga=GA1.2.1210298243.1606461534; PHPSESSID=e69450c54d31bd756b776696baaafefd; timezone=America/Mexico_City; cpsession=corposerve%3aY3OSYfmXO0AIwoWe%2c6b76034d626823219256e190c4604a33; XSRF-TOKEN=eyJpdiI6IlpiWEk3TXNwWjREXC9SMmxkXC9rU1dNQT09IiwidmFsdWUiOiIwWU9DeFpHWlpJQlZRWXh3WXl0NEhXazhrcHpDSWR0MktKcmVJZENZbk0raWhoZDl0QlBzRWxIU0c4ZkVDQzRsIiwibWFjIjoiMzlmNWY3OGMzOTg2ZjU1ZjE2YTNjNWQwNzMzNDYxYWQyOTkxYmUxMzIwODZhODM5Zjc1Njg4ZmExNTg1ZmI1YiJ9; laravel_session=eyJpdiI6IjNSY2ZodFhOSWRVN1UwSThFaW5DTFE9PSIsInZhbHVlIjoiQ0NsVW5LNUtGNXJaUTN4RjhaYmtMWlpCejNNWmlTUGlqZnpEOW53UEg2N3NSemVRNUl0TnNZK0RRMVQ1QjhzTSIsIm1hYyI6IjE4OGQyZThhOWJhYTlhNmE4NjRhMDUyYzgwMTEwNTcyODg3MDg2MTc3YzFkOGQzYTAzNTIzNzdkYzE1MDYwZGMifQ%3D%3D
Host:               corpomedia.mx
Origin:             https://corpomedia.mx
Referer:            https://corpomedia.mx/akumas/homevue
Sec-Ch-Ua:          \"Google Chrome\";v=\"95\", \"Chromium\";v=\"95\", \";Not A Brand\";v=\"99\"
Sec-Ch-Ua-Mobile:   ?0
Sec-Ch-Ua-Platform: \"macOS\"
Sec-Fetch-Dest:     empty
Sec-Fetch-Mode:     cors
Sec-Fetch-Site:     same-origin
User-Agent:         Mozilla/5.0 (Macintosh; Intel Mac OS X 10_15_7) AppleWebKit/537.36 (KHTML, like Gecko) Chrome/95.0.4638.69 Safari/537.36
X-Csrf-Token:       booZ7WpFs2yu9mEcR2FfCTlFfiUkSE7QyIPQ9lty
X-Https:            1
X-Requested-With:   XMLHttpRequest
X-Xsrf-Token:       eyJpdiI6IlpiWEk3TXNwWjREXC9SMmxkXC9rU1dNQT09IiwidmFsdWUiOiIwWU9DeFpHWlpJQlZRWXh3WXl0NEhXazhrcHpDSWR0MktKcmVJZENZbk0raWhoZDl0QlBzRWxIU0c4ZkVDQzRsIiwibWFjIjoiMzlmNWY3OGMzOTg2ZjU1ZjE2YTNjNWQwNzMzNDYxYWQyOTkxYmUxMzIwODZhODM5Zjc1Njg4ZmExNTg1ZmI1YiJ9
Cookie: _ga=; PHPSESSID=; timezone=; cpsession=; XSRF-TOKEN=booZ7WpFs2yu9mEcR2FfCTlFfiUkSE7QyIPQ9lty; laravel_session=A3J63UZZa4LNu2F6eV0bTby8urcGoMhdFZ4Y2731

{\"pCFECategorias_id\":1,\"pCFETipos_id\":1,\"descripcion\":\"ACEITE MULTIGRADO RALOY 20W-50 946 ML\",\"p_refaccion\":\"10\",\"tiempo\":\"1.5\",\"p_mo\":\"20\",\"p_total\":\"30\",\"codigo_sat\":\"25174700\"} at /home/corposerve/public_html/lvakumas/app/Http/Controllers/pCFEConceptosController.php:31)
[stacktrace]
#0 /home/corposerve/public_html/lvakumas/app/Http/Controllers/pCFEConceptosController.php(31): Illuminate\\Foundation\\Bootstrap\\HandleExceptions->handleError(8, 'Undefined varia...', '/home/corposerv...', 31, Array)
#1 [internal function]: App\\Http\\Controllers\\pCFEConceptosController->store(Object(Illuminate\\Http\\Request))
#2 /home/corposerve/public_html/lvakumas/vendor/laravel/framework/src/Illuminate/Routing/Controller.php(54): call_user_func_array(Array, Array)
#3 /home/corposerve/public_html/lvakumas/vendor/laravel/framework/src/Illuminate/Routing/ControllerDispatcher.php(45): Illuminate\\Routing\\Controller->callAction('store', Array)
#4 /home/corposerve/public_html/lvakumas/vendor/laravel/framework/src/Illuminate/Routing/Route.php(219): Illuminate\\Routing\\ControllerDispatcher->dispatch(Object(Illuminate\\Routing\\Route), Object(App\\Http\\Controllers\\pCFEConceptosController), 'store')
#5 /home/corposerve/public_html/lvakumas/vendor/laravel/framework/src/Illuminate/Routing/Route.php(176): Illuminate\\Routing\\Route->runController()
#6 /home/corposerve/public_html/lvakumas/vendor/laravel/framework/src/Illuminate/Routing/Router.php(680): Illuminate\\Routing\\Route->run()
#7 /home/corposerve/public_html/lvakumas/vendor/laravel/framework/src/Illuminate/Routing/Pipeline.php(30): Illuminate\\Routing\\Router->Illuminate\\Routing\\{closure}(Object(Illuminate\\Http\\Request))
#8 /home/corposerve/public_html/lvakumas/vendor/caffeinated/shinobi/src/Middleware/UserHasPermission.php(50): Illuminate\\Routing\\Pipeline->Illuminate\\Routing\\{closure}(Object(Illuminate\\Http\\Request))
#9 /home/corposerve/public_html/lvakumas/vendor/laravel/framework/src/Illuminate/Pipeline/Pipeline.php(163): Caffeinated\\Shinobi\\Middleware\\UserHasPermission->handle(Object(Illuminate\\Http\\Request), Object(Closure), 'conceptos.store')
#10 /home/corposerve/public_html/lvakumas/vendor/laravel/framework/src/Illuminate/Routing/Pipeline.php(53): Illuminate\\Pipeline\\Pipeline->Illuminate\\Pipeline\\{closure}(Object(Illuminate\\Http\\Request))
#11 /home/corposerve/public_html/lvakumas/vendor/laravel/framework/src/Illuminate/Routing/Middleware/SubstituteBindings.php(41): Illuminate\\Routing\\Pipeline->Illuminate\\Routing\\{closure}(Object(Illuminate\\Http\\Request))
#12 /home/corposerve/public_html/lvakumas/vendor/laravel/framework/src/Illuminate/Pipeline/Pipeline.php(163): Illuminate\\Routing\\Middleware\\SubstituteBindings->handle(Object(Illuminate\\Http\\Request), Object(Closure))
#13 /home/corposerve/public_html/lvakumas/vendor/laravel/framework/src/Illuminate/Routing/Pipeline.php(53): Illuminate\\Pipeline\\Pipeline->Illuminate\\Pipeline\\{closure}(Object(Illuminate\\Http\\Request))
#14 /home/corposerve/public_html/lvakumas/vendor/laravel/framework/src/Illuminate/Auth/Middleware/Authenticate.php(43): Illuminate\\Routing\\Pipeline->Illuminate\\Routing\\{closure}(Object(Illuminate\\Http\\Request))
#15 /home/corposerve/public_html/lvakumas/vendor/laravel/framework/src/Illuminate/Pipeline/Pipeline.php(163): Illuminate\\Auth\\Middleware\\Authenticate->handle(Object(Illuminate\\Http\\Request), Object(Closure))
#16 /home/corposerve/public_html/lvakumas/vendor/laravel/framework/src/Illuminate/Routing/Pipeline.php(53): Illuminate\\Pipeline\\Pipeline->Illuminate\\Pipeline\\{closure}(Object(Illuminate\\Http\\Request))
#17 /home/corposerve/public_html/lvakumas/vendor/laravel/framework/src/Illuminate/Foundation/Http/Middleware/VerifyCsrfToken.php(75): Illuminate\\Routing\\Pipeline->Illuminate\\Routing\\{closure}(Object(Illuminate\\Http\\Request))
#18 /home/corposerve/public_html/lvakumas/vendor/laravel/framework/src/Illuminate/Pipeline/Pipeline.php(163): Illuminate\\Foundation\\Http\\Middleware\\VerifyCsrfToken->handle(Object(Illuminate\\Http\\Request), Object(Closure))
#19 /home/corposerve/public_html/lvakumas/vendor/laravel/framework/src/Illuminate/Routing/Pipeline.php(53): Illuminate\\Pipeline\\Pipeline->Illuminate\\Pipeline\\{closure}(Object(Illuminate\\Http\\Request))
#20 /home/corposerve/public_html/lvakumas/vendor/laravel/framework/src/Illuminate/View/Middleware/ShareErrorsFromSession.php(49): Illuminate\\Routing\\Pipeline->Illuminate\\Routing\\{closure}(Object(Illuminate\\Http\\Request))
#21 /home/corposerve/public_html/lvakumas/vendor/laravel/framework/src/Illuminate/Pipeline/Pipeline.php(163): Illuminate\\View\\Middleware\\ShareErrorsFromSession->handle(Object(Illuminate\\Http\\Request), Object(Closure))
#22 /home/corposerve/public_html/lvakumas/vendor/laravel/framework/src/Illuminate/Routing/Pipeline.php(53): Illuminate\\Pipeline\\Pipeline->Illuminate\\Pipeline\\{closure}(Object(Illuminate\\Http\\Request))
#23 /home/corposerve/public_html/lvakumas/vendor/laravel/framework/src/Illuminate/Session/Middleware/StartSession.php(56): Illuminate\\Routing\\Pipeline->Illuminate\\Routing\\{closure}(Object(Illuminate\\Http\\Request))
#24 /home/corposerve/public_html/lvakumas/vendor/laravel/framework/src/Illuminate/Pipeline/Pipeline.php(163): Illuminate\\Session\\Middleware\\StartSession->handle(Object(Illuminate\\Http\\Request), Object(Closure))
#25 /home/corposerve/public_html/lvakumas/vendor/laravel/framework/src/Illuminate/Routing/Pipeline.php(53): Illuminate\\Pipeline\\Pipeline->Illuminate\\Pipeline\\{closure}(Object(Illuminate\\Http\\Request))
#26 /home/corposerve/public_html/lvakumas/vendor/laravel/framework/src/Illuminate/Cookie/Middleware/AddQueuedCookiesToResponse.php(37): Illuminate\\Routing\\Pipeline->Illuminate\\Routing\\{closure}(Object(Illuminate\\Http\\Request))
#27 /home/corposerve/public_html/lvakumas/vendor/laravel/framework/src/Illuminate/Pipeline/Pipeline.php(163): Illuminate\\Cookie\\Middleware\\AddQueuedCookiesToResponse->handle(Object(Illuminate\\Http\\Request), Object(Closure))
#28 /home/corposerve/public_html/lvakumas/vendor/laravel/framework/src/Illuminate/Routing/Pipeline.php(53): Illuminate\\Pipeline\\Pipeline->Illuminate\\Pipeline\\{closure}(Object(Illuminate\\Http\\Request))
#29 /home/corposerve/public_html/lvakumas/vendor/laravel/framework/src/Illuminate/Cookie/Middleware/EncryptCookies.php(66): Illuminate\\Routing\\Pipeline->Illuminate\\Routing\\{closure}(Object(Illuminate\\Http\\Request))
#30 /home/corposerve/public_html/lvakumas/vendor/laravel/framework/src/Illuminate/Pipeline/Pipeline.php(163): Illuminate\\Cookie\\Middleware\\EncryptCookies->handle(Object(Illuminate\\Http\\Request), Object(Closure))
#31 /home/corposerve/public_html/lvakumas/vendor/laravel/framework/src/Illuminate/Routing/Pipeline.php(53): Illuminate\\Pipeline\\Pipeline->Illuminate\\Pipeline\\{closure}(Object(Illuminate\\Http\\Request))
#32 /home/corposerve/public_html/lvakumas/vendor/laravel/framework/src/Illuminate/Pipeline/Pipeline.php(104): Illuminate\\Routing\\Pipeline->Illuminate\\Routing\\{closure}(Object(Illuminate\\Http\\Request))
#33 /home/corposerve/public_html/lvakumas/vendor/laravel/framework/src/Illuminate/Routing/Router.php(682): Illuminate\\Pipeline\\Pipeline->then(Object(Closure))
#34 /home/corposerve/public_html/lvakumas/vendor/laravel/framework/src/Illuminate/Routing/Router.php(657): Illuminate\\Routing\\Router->runRouteWithinStack(Object(Illuminate\\Routing\\Route), Object(Illuminate\\Http\\Request))
#35 /home/corposerve/public_html/lvakumas/vendor/laravel/framework/src/Illuminate/Routing/Router.php(623): Illuminate\\Routing\\Router->runRoute(Object(Illuminate\\Http\\Request), Object(Illuminate\\Routing\\Route))
#36 /home/corposerve/public_html/lvakumas/vendor/laravel/framework/src/Illuminate/Routing/Router.php(612): Illuminate\\Routing\\Router->dispatchToRoute(Object(Illuminate\\Http\\Request))
#37 /home/corposerve/public_html/lvakumas/vendor/laravel/framework/src/Illuminate/Foundation/Http/Kernel.php(176): Illuminate\\Routing\\Router->dispatch(Object(Illuminate\\Http\\Request))
#38 /home/corposerve/public_html/lvakumas/vendor/laravel/framework/src/Illuminate/Routing/Pipeline.php(30): Illuminate\\Foundation\\Http\\Kernel->Illuminate\\Foundation\\Http\\{closure}(Object(Illuminate\\Http\\Request))
#39 /home/corposerve/public_html/lvakumas/vendor/fideloper/proxy/src/TrustProxies.php(57): Illuminate\\Routing\\Pipeline->Illuminate\\Routing\\{closure}(Object(Illuminate\\Http\\Request))
#40 /home/corposerve/public_html/lvakumas/vendor/laravel/framework/src/Illuminate/Pipeline/Pipeline.php(163): Fideloper\\Proxy\\TrustProxies->handle(Object(Illuminate\\Http\\Request), Object(Closure))
#41 /home/corposerve/public_html/lvakumas/vendor/laravel/framework/src/Illuminate/Routing/Pipeline.php(53): Illuminate\\Pipeline\\Pipeline->Illuminate\\Pipeline\\{closure}(Object(Illuminate\\Http\\Request))
#42 /home/corposerve/public_html/lvakumas/vendor/laravel/framework/src/Illuminate/Foundation/Http/Middleware/TransformsRequest.php(21): Illuminate\\Routing\\Pipeline->Illuminate\\Routing\\{closure}(Object(Illuminate\\Http\\Request))
#43 /home/corposerve/public_html/lvakumas/vendor/laravel/framework/src/Illuminate/Pipeline/Pipeline.php(163): Illuminate\\Foundation\\Http\\Middleware\\TransformsRequest->handle(Object(Illuminate\\Http\\Request), Object(Closure))
#44 /home/corposerve/public_html/lvakumas/vendor/laravel/framework/src/Illuminate/Routing/Pipeline.php(53): Illuminate\\Pipeline\\Pipeline->Illuminate\\Pipeline\\{closure}(Object(Illuminate\\Http\\Request))
#45 /home/corposerve/public_html/lvakumas/vendor/laravel/framework/src/Illuminate/Foundation/Http/Middleware/TransformsRequest.php(21): Illuminate\\Routing\\Pipeline->Illuminate\\Routing\\{closure}(Object(Illuminate\\Http\\Request))
#46 /home/corposerve/public_html/lvakumas/vendor/laravel/framework/src/Illuminate/Pipeline/Pipeline.php(163): Illuminate\\Foundation\\Http\\Middleware\\TransformsRequest->handle(Object(Illuminate\\Http\\Request), Object(Closure))
#47 /home/corposerve/public_html/lvakumas/vendor/laravel/framework/src/Illuminate/Routing/Pipeline.php(53): Illuminate\\Pipeline\\Pipeline->Illuminate\\Pipeline\\{closure}(Object(Illuminate\\Http\\Request))
#48 /home/corposerve/public_html/lvakumas/vendor/laravel/framework/src/Illuminate/Foundation/Http/Middleware/ValidatePostSize.php(27): Illuminate\\Routing\\Pipeline->Illuminate\\Routing\\{closure}(Object(Illuminate\\Http\\Request))
#49 /home/corposerve/public_html/lvakumas/vendor/laravel/framework/src/Illuminate/Pipeline/Pipeline.php(163): Illuminate\\Foundation\\Http\\Middleware\\ValidatePostSize->handle(Object(Illuminate\\Http\\Request), Object(Closure))
#50 /home/corposerve/public_html/lvakumas/vendor/laravel/framework/src/Illuminate/Routing/Pipeline.php(53): Illuminate\\Pipeline\\Pipeline->Illuminate\\Pipeline\\{closure}(Object(Illuminate\\Http\\Request))
#51 /home/corposerve/public_html/lvakumas/vendor/laravel/framework/src/Illuminate/Foundation/Http/Middleware/CheckForMaintenanceMode.php(62): Illuminate\\Routing\\Pipeline->Illuminate\\Routing\\{closure}(Object(Illuminate\\Http\\Request))
#52 /home/corposerve/public_html/lvakumas/vendor/laravel/framework/src/Illuminate/Pipeline/Pipeline.php(163): Illuminate\\Foundation\\Http\\Middleware\\CheckForMaintenanceMode->handle(Object(Illuminate\\Http\\Request), Object(Closure))
#53 /home/corposerve/public_html/lvakumas/vendor/laravel/framework/src/Illuminate/Routing/Pipeline.php(53): Illuminate\\Pipeline\\Pipeline->Illuminate\\Pipeline\\{closure}(Object(Illuminate\\Http\\Request))
#54 /home/corposerve/public_html/lvakumas/vendor/laravel/framework/src/Illuminate/Pipeline/Pipeline.php(104): Illuminate\\Routing\\Pipeline->Illuminate\\Routing\\{closure}(Object(Illuminate\\Http\\Request))
#55 /home/corposerve/public_html/lvakumas/vendor/laravel/framework/src/Illuminate/Foundation/Http/Kernel.php(151): Illuminate\\Pipeline\\Pipeline->then(Object(Closure))
#56 /home/corposerve/public_html/lvakumas/vendor/laravel/framework/src/Illuminate/Foundation/Http/Kernel.php(116): Illuminate\\Foundation\\Http\\Kernel->sendRequestThroughRouter(Object(Illuminate\\Http\\Request))
#57 /home/corposerve/public_html/akumas/index.php(55): Illuminate\\Foundation\\Http\\Kernel->handle(Object(Illuminate\\Http\\Request))
#58 {main}
"} 
